[2016-11-08 00:08:04] START
[2016-11-08 12:58:53] EDIT sniffer/controllers/default.py: 61
[2016-11-08 13:01:25] EDIT sniffer/controllers/default.py: 0
[2016-11-08 13:01:54] EDIT sniffer/controllers/default.py: 0
[2016-11-08 13:01:57] EDIT sniffer/controllers/default.py: 0
[2016-11-08 13:02:13] EDIT sniffer/controllers/default.py: 0
[2016-11-08 13:06:15] EDIT sniffer/controllers/default.py: 0
[2016-11-08 13:06:39] EDIT sniffer/controllers/default.py: 0
[2016-11-08 13:07:45] EDIT sniffer/controllers/default.py: 0
[2016-11-08 13:08:00] EDIT sniffer/controllers/default.py: 0
[2016-11-08 13:19:27] EDIT sniffer/controllers/default.py: -2
[2016-11-08 13:20:01] EDIT sniffer/controllers/default.py: 0
[2016-11-08 13:20:12] EDIT sniffer/controllers/default.py: 0
[2016-11-08 16:58:31] EDIT sniffer/controllers/default.py: 0
[2016-11-08 16:58:58] EDIT sniffer/controllers/default.py: 0
[2016-11-08 16:59:48] EDIT sniffer/controllers/default.py: -2
[2016-11-08 16:59:55] EDIT sniffer/controllers/default.py: 0
[2016-11-08 17:00:01] EDIT sniffer/controllers/default.py: 0
[2016-11-08 17:00:52] EDIT sniffer/controllers/default.py: 0
[2016-11-08 17:01:23] EDIT sniffer/controllers/default.py: 0
[2016-11-08 17:01:24] EDIT sniffer/controllers/default.py: 0
[2016-11-08 17:01:32] EDIT sniffer/controllers/default.py: 0
[2016-11-08 17:01:32] EDIT sniffer/controllers/default.py: 0
[2016-11-08 17:01:32] EDIT sniffer/controllers/default.py: 0
[2016-11-08 17:01:33] EDIT sniffer/controllers/default.py: 0
[2016-11-08 17:01:33] EDIT sniffer/controllers/default.py: 0
[2016-11-08 17:01:33] EDIT sniffer/controllers/default.py: 0
[2016-11-08 17:01:33] EDIT sniffer/controllers/default.py: 0
[2016-11-08 17:01:34] EDIT sniffer/controllers/default.py: 0
[2016-11-08 17:01:39] EDIT sniffer/controllers/default.py: 0
[2016-11-08 17:05:05] EDIT sniffer/controllers/default.py: 0
[2016-11-08 17:05:15] EDIT sniffer/controllers/default.py: 0
[2016-11-08 17:05:23] EDIT sniffer/controllers/default.py: 0
[2016-11-08 17:06:13] EDIT sniffer/controllers/default.py: 0
[2016-11-08 17:07:14] EDIT sniffer/controllers/default.py: 0
[2016-11-08 17:07:50] EDIT sniffer/controllers/default.py: 0
[2016-11-08 17:07:58] EDIT sniffer/controllers/default.py: 0
[2016-11-08 17:09:05] EDIT sniffer/controllers/default.py: 0
[2016-11-08 17:09:15] EDIT sniffer/controllers/default.py: 0
[2016-11-08 17:09:22] EDIT sniffer/controllers/default.py: 0
[2016-11-08 17:10:17] EDIT sniffer/controllers/default.py: 0
[2016-11-08 17:11:11] EDIT sniffer/controllers/default.py: 0
[2016-11-08 17:12:37] EDIT sniffer/controllers/default.py: 0
[2016-11-08 17:12:55] EDIT sniffer/controllers/default.py: 0
[2016-11-08 17:14:15] EDIT sniffer/controllers/default.py: 3
[2016-11-08 19:04:36] EDIT sniffer/controllers/default.py: 0
[2016-11-08 19:05:24] EDIT sniffer/controllers/default.py: 0
[2016-11-08 19:07:00] EDIT sniffer/controllers/default.py: 0
[2016-11-08 19:08:21] EDIT sniffer/controllers/default.py: 1
[2016-11-08 19:08:41] EDIT sniffer/controllers/default.py: 1
[2016-11-08 19:09:17] EDIT sniffer/controllers/default.py: 0
[2016-11-08 19:09:34] EDIT sniffer/controllers/default.py: 0
[2016-11-08 19:15:48] EDIT sniffer/controllers/default.py: 0
[2016-11-08 19:16:57] EDIT sniffer/views/default/index.html: -47
[2016-11-08 19:17:18] EDIT sniffer/views/default/index.html: 0
[2016-11-08 19:18:42] EDIT sniffer/views/default/index.html: -10
[2016-11-08 19:18:57] EDIT sniffer/views/default/index.html: 0
[2016-11-08 19:19:13] EDIT sniffer/views/default/index.html: -37
[2016-11-08 19:20:29] EDIT sniffer/views/default/index.html: -1
[2016-11-08 19:20:43] EDIT sniffer/views/default/index.html: 0
[2016-11-08 19:21:32] EDIT sniffer/views/default/index.html: 3
[2016-11-08 19:21:52] EDIT sniffer/views/default/index.html: 3
[2016-11-08 19:21:54] EDIT sniffer/views/default/index.html: 0
[2016-11-08 19:22:04] EDIT sniffer/views/default/index.html: 0
[2016-11-08 19:24:53] EDIT sniffer/views/default/index.html: -4
[2016-11-08 19:25:26] EDIT sniffer/views/default/index.html: 0
[2016-11-08 19:25:49] EDIT sniffer/views/default/index.html: 0
[2016-11-08 19:26:05] EDIT sniffer/views/default/index.html: 0
[2016-11-08 19:26:51] EDIT sniffer/views/default/index.html: -2
[2016-11-09 23:11:27] EDIT sniffer/controllers/default.py: 0
[2016-11-09 23:11:37] EDIT sniffer/controllers/default.py: 0
[2016-11-09 23:11:44] EDIT sniffer/controllers/default.py: 0
[2016-11-09 23:11:52] EDIT sniffer/controllers/default.py: 1
[2016-11-09 23:11:58] EDIT sniffer/controllers/default.py: 0
[2016-11-09 23:12:06] EDIT sniffer/controllers/default.py: -1
[2016-11-09 23:12:50] EDIT sniffer/views/default/index.html: 2
[2016-11-09 23:28:02] EDIT sniffer/views/default/index.html: -2
[2016-11-09 23:28:40] EDIT sniffer/views/default/index.html: 1
[2016-11-09 23:28:43] EDIT sniffer/views/default/index.html: 0
[2016-11-09 23:29:12] EDIT sniffer/views/default/index.html: 0
[2016-11-09 23:32:32] EDIT sniffer/controllers/default.py: 0
[2016-11-09 23:32:39] EDIT sniffer/controllers/default.py: 0
[2016-11-09 23:32:40] EDIT sniffer/controllers/default.py: 0
[2016-11-09 23:32:40] EDIT sniffer/controllers/default.py: 0
[2016-11-09 23:32:40] EDIT sniffer/controllers/default.py: 0
[2016-11-09 23:32:41] EDIT sniffer/controllers/default.py: 0
[2016-11-09 23:32:41] EDIT sniffer/controllers/default.py: 0
[2016-11-09 23:32:41] EDIT sniffer/controllers/default.py: 0
[2016-11-09 23:32:45] EDIT sniffer/controllers/default.py: 0
[2016-11-09 23:32:46] EDIT sniffer/controllers/default.py: 0
[2016-11-09 23:32:50] EDIT sniffer/controllers/default.py: 0
[2016-11-09 23:33:01] EDIT sniffer/controllers/default.py: 0
[2016-11-09 23:33:36] EDIT sniffer/controllers/default.py: 0
[2016-11-09 23:33:57] EDIT sniffer/controllers/default.py: 0
[2016-11-09 23:34:03] EDIT sniffer/controllers/default.py: -1
[2016-11-09 23:35:49] EDIT sniffer/controllers/default.py: 1
[2016-11-09 23:37:30] EDIT sniffer/controllers/default.py: 2
[2016-11-09 23:37:44] EDIT sniffer/views/default/index.html: 0
[2016-11-09 23:42:49] EDIT sniffer/views/default/index.html: 0
[2016-11-09 23:46:01] EDIT sniffer/views/default/index.html: 2
[2016-11-09 23:46:52] EDIT sniffer/views/default/index.html: 0
[2016-11-09 23:47:21] EDIT sniffer/views/default/index.html: 0
[2016-11-09 23:47:41] EDIT sniffer/views/default/index.html: -2
[2016-11-09 23:50:17] EDIT sniffer/views/default/index.html: 0
[2016-11-09 23:51:13] EDIT sniffer/views/default/index.html: 0
[2016-11-09 23:54:44] EDIT sniffer/views/default/index.html: -10
[2016-11-09 23:54:58] EDIT sniffer/views/default/index.html: -1
[2016-11-09 23:55:25] EDIT sniffer/models/menu.py: -107
[2016-11-09 23:55:43] EDIT sniffer/models/menu.py: 0
[2016-11-09 23:56:22] EDIT sniffer/views/default/index.html: 0
[2016-11-09 23:56:33] EDIT sniffer/views/default/index.html: 0
[2016-11-09 23:56:39] EDIT sniffer/views/default/index.html: 0
[2016-11-09 23:57:59] EDIT sniffer/controllers/default.py: 3
[2016-11-09 23:58:04] EDIT sniffer/controllers/default.py: 0
[2016-11-09 23:58:06] EDIT sniffer/controllers/default.py: 0
[2016-11-09 23:58:18] EDIT sniffer/controllers/default.py: 0
[2016-11-09 23:58:19] EDIT sniffer/controllers/default.py: 0
[2016-11-09 23:58:19] EDIT sniffer/controllers/default.py: 0
[2016-11-09 23:58:24] EDIT sniffer/controllers/default.py: 0
[2016-11-09 23:58:27] EDIT sniffer/controllers/default.py: 0
[2016-11-09 23:58:31] EDIT sniffer/controllers/default.py: 0
[2016-11-10 00:00:07] EDIT sniffer/controllers/default.py: 0
[2016-11-10 00:00:24] EDIT sniffer/views/default/index.html: 1
[2016-11-10 00:01:45] EDIT sniffer/controllers/default.py: 0
[2016-11-10 00:01:47] EDIT sniffer/controllers/default.py: 0
[2016-11-10 00:02:08] EDIT sniffer/controllers/default.py: 1
[2016-11-10 00:02:09] EDIT sniffer/controllers/default.py: 0
[2016-11-10 00:02:20] EDIT sniffer/controllers/default.py: 1
[2016-11-10 00:02:20] EDIT sniffer/controllers/default.py: 0
[2016-11-10 00:02:29] EDIT sniffer/controllers/default.py: -2
[2016-11-10 00:02:30] EDIT sniffer/controllers/default.py: 0
[2016-11-10 00:02:55] EDIT sniffer/controllers/default.py: 1
[2016-11-10 00:02:56] EDIT sniffer/controllers/default.py: 0
[2016-11-10 00:03:18] EDIT sniffer/controllers/default.py: -1
[2016-11-10 00:03:18] EDIT sniffer/controllers/default.py: 0
[2016-11-10 00:03:33] EDIT sniffer/controllers/default.py: 0
[2016-11-10 00:03:41] EDIT sniffer/controllers/default.py: 1
[2016-11-10 00:03:42] EDIT sniffer/controllers/default.py: 0
[2016-11-10 00:03:48] EDIT sniffer/controllers/default.py: 1
[2016-11-10 00:03:48] EDIT sniffer/controllers/default.py: 0
[2016-11-10 00:04:08] EDIT sniffer/controllers/default.py: -2
[2016-11-10 00:04:08] EDIT sniffer/controllers/default.py: 0
[2016-11-10 00:05:26] EDIT sniffer/controllers/default.py: 2
[2016-11-10 00:08:12] EDIT sniffer/controllers/default.py: 0
[2016-11-10 00:08:36] EDIT sniffer/controllers/default.py: 0
[2016-11-10 00:09:26] EDIT sniffer/controllers/default.py: 0
[2016-11-10 00:09:46] EDIT sniffer/controllers/default.py: 0
[2016-11-10 00:10:52] EDIT sniffer/controllers/default.py: 1
[2016-11-10 00:10:56] EDIT sniffer/controllers/default.py: -1
[2016-11-10 00:11:39] EDIT sniffer/controllers/default.py: 0
[2016-11-10 00:11:51] EDIT sniffer/controllers/default.py: 0
[2016-11-10 00:12:03] EDIT sniffer/controllers/default.py: 0
[2016-11-10 00:12:04] EDIT sniffer/controllers/default.py: 0
[2016-11-10 00:12:04] EDIT sniffer/controllers/default.py: 0
[2016-11-10 00:12:18] EDIT sniffer/controllers/default.py: 0
[2016-11-10 00:12:39] EDIT sniffer/controllers/default.py: 0
[2016-11-10 00:12:49] EDIT sniffer/controllers/default.py: 0
[2016-11-10 00:13:03] EDIT sniffer/controllers/default.py: 0
[2016-11-10 00:13:16] EDIT sniffer/controllers/default.py: 1
[2016-11-10 00:13:37] EDIT sniffer/controllers/default.py: 0
[2016-11-10 00:13:44] EDIT sniffer/controllers/default.py: -1
[2016-11-10 00:14:00] EDIT sniffer/controllers/default.py: 0
[2016-11-10 00:14:22] EDIT sniffer/controllers/default.py: 0
[2016-11-10 00:14:47] EDIT sniffer/controllers/default.py: 0
[2016-11-10 00:15:08] EDIT sniffer/controllers/default.py: 0
[2016-11-10 00:15:20] EDIT sniffer/controllers/default.py: 0
[2016-11-10 01:34:16] EDIT sniffer/controllers/default.py: -6
[2016-11-10 01:34:26] EDIT sniffer/controllers/default.py: 0
[2016-11-10 01:34:39] EDIT sniffer/controllers/default.py: 1
[2016-11-10 01:34:43] EDIT sniffer/controllers/default.py: 0
[2016-11-10 01:34:45] EDIT sniffer/controllers/default.py: 0
[2016-11-10 01:35:58] EDIT sniffer/controllers/default.py: 1
[2016-11-10 01:36:00] EDIT sniffer/controllers/default.py: 0
[2016-11-10 01:36:30] EDIT sniffer/views/default/index.html: 0
[2016-11-10 01:37:57] EDIT sniffer/views/default/index.html: 0
[2016-11-10 01:38:04] EDIT sniffer/controllers/default.py: -4
[2016-11-10 01:38:43] EDIT sniffer/controllers/default.py: 0
[2016-11-10 01:40:58] EDIT sniffer/views/default/index.html: 0
[2016-11-10 01:41:18] EDIT sniffer/views/default/index.html: 0
[2016-11-10 01:42:19] EDIT sniffer/controllers/default.py: 0
[2016-11-10 01:43:13] EDIT sniffer/controllers/default.py: 0
[2016-11-10 01:43:20] EDIT sniffer/views/default/index.html: 0
[2016-11-10 02:23:13] EDIT sniffer/controllers/default.py: 0
[2016-11-10 02:23:19] EDIT sniffer/views/default/index.html: 0
[2016-11-10 02:24:07] EDIT sniffer/views/default/index.html: 0
[2016-11-10 15:27:08] EDIT sniffer/controllers/default.py: 0
[2016-11-10 15:29:50] EDIT sniffer/controllers/default.py: 2
[2016-11-10 15:29:50] EDIT sniffer/controllers/default.py: 0
[2016-11-10 15:30:26] EDIT sniffer/controllers/default.py: 0
[2016-11-10 15:31:03] EDIT sniffer/controllers/default.py: 0
[2016-11-10 15:31:35] EDIT sniffer/views/default/index.html: -1
[2016-11-10 15:32:48] EDIT sniffer/controllers/default.py: 0
[2016-11-10 15:34:19] EDIT sniffer/controllers/default.py: 0
[2016-11-10 15:37:00] EDIT sniffer/controllers/default.py: 0
[2016-11-10 15:43:30] CREATE default/sniffer.html: 0
[2016-11-10 15:52:01] DELETE sniffer/views/default/sniffer.html: -3
[2016-11-10 15:52:25] CREATE default/start.html: 0
[2016-11-10 15:52:57] EDIT sniffer/views/default/start.html: 3
[2016-11-10 15:56:07] EDIT sniffer/controllers/default.py: 1
[2016-11-10 16:00:31] EDIT sniffer/views/default/start.html: 0
[2016-11-10 16:00:43] EDIT sniffer/views/default/start.html: 0
[2016-11-10 16:00:49] EDIT sniffer/views/default/start.html: 0
[2016-11-10 16:01:04] EDIT sniffer/views/default/start.html: 0
[2016-11-10 16:01:23] EDIT sniffer/controllers/default.py: 2
[2016-11-10 16:01:28] EDIT sniffer/controllers/default.py: 1
[2016-11-10 16:02:33] EDIT sniffer/controllers/default.py: 0
[2016-11-10 16:03:01] EDIT sniffer/controllers/default.py: 0
[2016-11-10 16:03:28] EDIT sniffer/views/default/start.html: 0
[2016-11-10 16:04:08] EDIT sniffer/controllers/default.py: 0
[2016-11-10 16:07:59] EDIT sniffer/controllers/default.py: 6
[2016-11-10 16:08:08] EDIT sniffer/controllers/default.py: 1
[2016-11-10 16:08:14] EDIT sniffer/controllers/default.py: 0
[2016-11-10 16:09:20] EDIT sniffer/controllers/default.py: 1
[2016-11-10 16:10:14] EDIT sniffer/controllers/default.py: 0
[2016-11-10 16:11:03] EDIT sniffer/controllers/default.py: 1
[2016-11-10 16:13:42] EDIT sniffer/controllers/default.py: 0
[2016-11-10 16:15:05] EDIT sniffer/controllers/default.py: 0
[2016-11-10 16:16:39] EDIT sniffer/controllers/default.py: 1
[2016-11-10 16:16:44] EDIT sniffer/controllers/default.py: 0
[2016-11-10 18:52:55] EDIT sniffer/controllers/default.py: 0
[2016-11-10 19:03:22] EDIT sniffer/controllers/default.py: 0
[2016-11-10 19:05:50] EDIT sniffer/controllers/default.py: 0
[2016-11-10 19:07:28] EDIT sniffer/controllers/default.py: 0
[2016-11-10 19:07:49] EDIT sniffer/controllers/default.py: 0
[2016-11-10 19:09:17] EDIT sniffer/controllers/default.py: 1
[2016-11-10 19:09:50] EDIT sniffer/controllers/default.py: 0
[2016-11-10 19:10:09] EDIT sniffer/controllers/default.py: 0
[2016-11-10 19:11:21] EDIT sniffer/controllers/default.py: 0
[2016-11-10 19:11:46] EDIT sniffer/controllers/default.py: 0
[2016-11-10 19:12:47] EDIT sniffer/controllers/default.py: 0
[2016-11-10 19:13:39] EDIT sniffer/controllers/default.py: 0
[2016-11-10 19:14:41] EDIT sniffer/controllers/default.py: 0
[2016-11-10 19:15:17] EDIT sniffer/controllers/default.py: 0
[2016-11-10 19:16:27] EDIT sniffer/controllers/default.py: 0
[2016-11-10 19:20:29] EDIT sniffer/controllers/default.py: -9
[2016-11-10 19:20:54] EDIT sniffer/controllers/default.py: 0
[2016-11-10 19:21:51] EDIT sniffer/controllers/default.py: 0
[2016-11-10 19:25:12] EDIT sniffer/controllers/default.py: 1
[2016-11-10 19:26:40] EDIT sniffer/controllers/default.py: 1
[2016-11-10 19:26:41] EDIT sniffer/controllers/default.py: 0
[2016-11-10 19:26:42] EDIT sniffer/controllers/default.py: 0
[2016-11-10 19:27:35] EDIT sniffer/controllers/default.py: 1
[2016-11-10 19:28:00] EDIT sniffer/controllers/default.py: 1
[2016-11-10 19:28:07] EDIT sniffer/controllers/default.py: 0
[2016-11-10 19:28:50] EDIT sniffer/controllers/default.py: -1
[2016-11-10 19:30:59] EDIT sniffer/controllers/default.py: 0
[2016-11-10 19:33:44] EDIT sniffer/controllers/default.py: 3
[2016-11-10 19:34:06] EDIT sniffer/controllers/default.py: 1
[2016-11-10 19:38:38] EDIT sniffer/controllers/default.py: 0
[2016-11-10 19:39:01] EDIT sniffer/controllers/default.py: 1
[2016-11-10 19:40:38] EDIT sniffer/controllers/default.py: 0
[2016-11-10 19:43:04] CREATE db1.py: 0
[2016-11-10 19:43:43] EDIT sniffer/models/db1.py: 3
[2016-11-10 19:43:52] EDIT sniffer/models/db1.py: 0
[2016-11-10 19:44:00] EDIT sniffer/models/db1.py: -1
[2016-11-10 19:44:03] EDIT sniffer/models/db1.py: -1
[2016-11-10 19:44:06] EDIT sniffer/models/db1.py: 0
[2016-11-10 19:44:25] EDIT sniffer/models/db1.py: 2
[2016-11-10 19:44:27] EDIT sniffer/models/db1.py: 0
[2016-11-10 19:44:55] EDIT sniffer/models/db1.py: -2
[2016-11-10 19:44:56] EDIT sniffer/models/db1.py: 0
[2016-11-10 19:45:04] EDIT sniffer/controllers/default.py: -1
[2016-11-10 19:45:17] EDIT sniffer/controllers/default.py: -2
[2016-11-10 19:45:23] EDIT sniffer/controllers/default.py: 0
[2016-11-10 19:45:30] EDIT sniffer/controllers/default.py: 0
[2016-11-10 19:45:43] EDIT sniffer/controllers/default.py: -4
[2016-11-10 19:46:57] EDIT sniffer/controllers/default.py: -1
[2016-11-10 19:47:10] EDIT sniffer/controllers/default.py: 0
[2016-11-10 19:47:30] EDIT sniffer/controllers/default.py: 0
[2016-11-10 19:47:40] EDIT sniffer/controllers/default.py: 0
[2016-11-10 19:48:25] EDIT sniffer/controllers/default.py: 0
[2016-11-10 19:48:30] EDIT sniffer/controllers/default.py: 0
[2016-11-10 19:49:27] EDIT sniffer/controllers/default.py: 0
[2016-11-10 19:49:50] EDIT sniffer/models/db1.py: 0
[2016-11-10 19:50:26] EDIT sniffer/models/db1.py: 0
[2016-11-10 19:50:50] EDIT sniffer/models/db1.py: 0
[2016-11-10 19:51:08] EDIT sniffer/models/db1.py: 0
[2016-11-10 19:51:55] EDIT sniffer/models/db1.py: 0
[2016-11-10 19:52:42] EDIT sniffer/models/db1.py: 0
[2016-11-10 19:52:49] EDIT sniffer/models/db1.py: 0
[2016-11-10 19:53:04] EDIT sniffer/models/db1.py: 0
[2016-11-10 19:53:44] EDIT sniffer/models/db1.py: 0
[2016-11-10 21:16:22] EDIT sniffer/controllers/default.py: 0
[2016-11-10 21:17:35] EDIT sniffer/models/db1.py: 0
[2016-11-10 21:17:59] EDIT sniffer/controllers/default.py: 0
[2016-11-10 21:19:48] EDIT sniffer/controllers/default.py: 0
[2016-11-10 21:21:20] EDIT sniffer/controllers/default.py: 0
[2016-11-10 21:23:15] EDIT sniffer/controllers/default.py: 0
