[2016-11-08 00:08:04] START
[2016-11-08 12:58:53] EDIT sniffer/controllers/default.py: 61
[2016-11-08 13:01:25] EDIT sniffer/controllers/default.py: 0
[2016-11-08 13:01:54] EDIT sniffer/controllers/default.py: 0
[2016-11-08 13:01:57] EDIT sniffer/controllers/default.py: 0
[2016-11-08 13:02:13] EDIT sniffer/controllers/default.py: 0
[2016-11-08 13:06:15] EDIT sniffer/controllers/default.py: 0
[2016-11-08 13:06:39] EDIT sniffer/controllers/default.py: 0
[2016-11-08 13:07:45] EDIT sniffer/controllers/default.py: 0
[2016-11-08 13:08:00] EDIT sniffer/controllers/default.py: 0
[2016-11-08 13:19:27] EDIT sniffer/controllers/default.py: -2
[2016-11-08 13:20:01] EDIT sniffer/controllers/default.py: 0
[2016-11-08 13:20:12] EDIT sniffer/controllers/default.py: 0
[2016-11-08 16:58:31] EDIT sniffer/controllers/default.py: 0
[2016-11-08 16:58:58] EDIT sniffer/controllers/default.py: 0
[2016-11-08 16:59:48] EDIT sniffer/controllers/default.py: -2
[2016-11-08 16:59:55] EDIT sniffer/controllers/default.py: 0
[2016-11-08 17:00:01] EDIT sniffer/controllers/default.py: 0
[2016-11-08 17:00:52] EDIT sniffer/controllers/default.py: 0
[2016-11-08 17:01:23] EDIT sniffer/controllers/default.py: 0
[2016-11-08 17:01:24] EDIT sniffer/controllers/default.py: 0
[2016-11-08 17:01:32] EDIT sniffer/controllers/default.py: 0
[2016-11-08 17:01:32] EDIT sniffer/controllers/default.py: 0
[2016-11-08 17:01:32] EDIT sniffer/controllers/default.py: 0
[2016-11-08 17:01:33] EDIT sniffer/controllers/default.py: 0
[2016-11-08 17:01:33] EDIT sniffer/controllers/default.py: 0
[2016-11-08 17:01:33] EDIT sniffer/controllers/default.py: 0
[2016-11-08 17:01:33] EDIT sniffer/controllers/default.py: 0
[2016-11-08 17:01:34] EDIT sniffer/controllers/default.py: 0
[2016-11-08 17:01:39] EDIT sniffer/controllers/default.py: 0
[2016-11-08 17:05:05] EDIT sniffer/controllers/default.py: 0
[2016-11-08 17:05:15] EDIT sniffer/controllers/default.py: 0
[2016-11-08 17:05:23] EDIT sniffer/controllers/default.py: 0
[2016-11-08 17:06:13] EDIT sniffer/controllers/default.py: 0
[2016-11-08 17:07:14] EDIT sniffer/controllers/default.py: 0
[2016-11-08 17:07:50] EDIT sniffer/controllers/default.py: 0
[2016-11-08 17:07:58] EDIT sniffer/controllers/default.py: 0
[2016-11-08 17:09:05] EDIT sniffer/controllers/default.py: 0
[2016-11-08 17:09:15] EDIT sniffer/controllers/default.py: 0
[2016-11-08 17:09:22] EDIT sniffer/controllers/default.py: 0
[2016-11-08 17:10:17] EDIT sniffer/controllers/default.py: 0
[2016-11-08 17:11:11] EDIT sniffer/controllers/default.py: 0
[2016-11-08 17:12:37] EDIT sniffer/controllers/default.py: 0
[2016-11-08 17:12:55] EDIT sniffer/controllers/default.py: 0
[2016-11-08 17:14:15] EDIT sniffer/controllers/default.py: 3
[2016-11-08 19:04:36] EDIT sniffer/controllers/default.py: 0
[2016-11-08 19:05:24] EDIT sniffer/controllers/default.py: 0
[2016-11-08 19:07:00] EDIT sniffer/controllers/default.py: 0
[2016-11-08 19:08:21] EDIT sniffer/controllers/default.py: 1
[2016-11-08 19:08:41] EDIT sniffer/controllers/default.py: 1
[2016-11-08 19:09:17] EDIT sniffer/controllers/default.py: 0
[2016-11-08 19:09:34] EDIT sniffer/controllers/default.py: 0
[2016-11-08 19:15:48] EDIT sniffer/controllers/default.py: 0
[2016-11-08 19:16:57] EDIT sniffer/views/default/index.html: -47
[2016-11-08 19:17:18] EDIT sniffer/views/default/index.html: 0
[2016-11-08 19:18:42] EDIT sniffer/views/default/index.html: -10
[2016-11-08 19:18:57] EDIT sniffer/views/default/index.html: 0
[2016-11-08 19:19:13] EDIT sniffer/views/default/index.html: -37
[2016-11-08 19:20:29] EDIT sniffer/views/default/index.html: -1
[2016-11-08 19:20:43] EDIT sniffer/views/default/index.html: 0
[2016-11-08 19:21:32] EDIT sniffer/views/default/index.html: 3
[2016-11-08 19:21:52] EDIT sniffer/views/default/index.html: 3
[2016-11-08 19:21:54] EDIT sniffer/views/default/index.html: 0
[2016-11-08 19:22:04] EDIT sniffer/views/default/index.html: 0
[2016-11-08 19:24:53] EDIT sniffer/views/default/index.html: -4
[2016-11-08 19:25:26] EDIT sniffer/views/default/index.html: 0
[2016-11-08 19:25:49] EDIT sniffer/views/default/index.html: 0
[2016-11-08 19:26:05] EDIT sniffer/views/default/index.html: 0
[2016-11-08 19:26:51] EDIT sniffer/views/default/index.html: -2
[2016-11-09 23:11:27] EDIT sniffer/controllers/default.py: 0
[2016-11-09 23:11:37] EDIT sniffer/controllers/default.py: 0
[2016-11-09 23:11:44] EDIT sniffer/controllers/default.py: 0
[2016-11-09 23:11:52] EDIT sniffer/controllers/default.py: 1
[2016-11-09 23:11:58] EDIT sniffer/controllers/default.py: 0
[2016-11-09 23:12:06] EDIT sniffer/controllers/default.py: -1
[2016-11-09 23:12:50] EDIT sniffer/views/default/index.html: 2
[2016-11-09 23:28:02] EDIT sniffer/views/default/index.html: -2
[2016-11-09 23:28:40] EDIT sniffer/views/default/index.html: 1
[2016-11-09 23:28:43] EDIT sniffer/views/default/index.html: 0
[2016-11-09 23:29:12] EDIT sniffer/views/default/index.html: 0
[2016-11-09 23:32:32] EDIT sniffer/controllers/default.py: 0
[2016-11-09 23:32:39] EDIT sniffer/controllers/default.py: 0
[2016-11-09 23:32:40] EDIT sniffer/controllers/default.py: 0
[2016-11-09 23:32:40] EDIT sniffer/controllers/default.py: 0
[2016-11-09 23:32:40] EDIT sniffer/controllers/default.py: 0
[2016-11-09 23:32:41] EDIT sniffer/controllers/default.py: 0
[2016-11-09 23:32:41] EDIT sniffer/controllers/default.py: 0
[2016-11-09 23:32:41] EDIT sniffer/controllers/default.py: 0
[2016-11-09 23:32:45] EDIT sniffer/controllers/default.py: 0
[2016-11-09 23:32:46] EDIT sniffer/controllers/default.py: 0
[2016-11-09 23:32:50] EDIT sniffer/controllers/default.py: 0
[2016-11-09 23:33:01] EDIT sniffer/controllers/default.py: 0
[2016-11-09 23:33:36] EDIT sniffer/controllers/default.py: 0
[2016-11-09 23:33:57] EDIT sniffer/controllers/default.py: 0
[2016-11-09 23:34:03] EDIT sniffer/controllers/default.py: -1
[2016-11-09 23:35:49] EDIT sniffer/controllers/default.py: 1
[2016-11-09 23:37:30] EDIT sniffer/controllers/default.py: 2
[2016-11-09 23:37:44] EDIT sniffer/views/default/index.html: 0
[2016-11-09 23:42:49] EDIT sniffer/views/default/index.html: 0
[2016-11-09 23:46:01] EDIT sniffer/views/default/index.html: 2
[2016-11-09 23:46:52] EDIT sniffer/views/default/index.html: 0
[2016-11-09 23:47:21] EDIT sniffer/views/default/index.html: 0
[2016-11-09 23:47:41] EDIT sniffer/views/default/index.html: -2
[2016-11-09 23:50:17] EDIT sniffer/views/default/index.html: 0
[2016-11-09 23:51:13] EDIT sniffer/views/default/index.html: 0
[2016-11-09 23:54:44] EDIT sniffer/views/default/index.html: -10
[2016-11-09 23:54:58] EDIT sniffer/views/default/index.html: -1
[2016-11-09 23:55:25] EDIT sniffer/models/menu.py: -107
[2016-11-09 23:55:43] EDIT sniffer/models/menu.py: 0
[2016-11-09 23:56:22] EDIT sniffer/views/default/index.html: 0
[2016-11-09 23:56:33] EDIT sniffer/views/default/index.html: 0
[2016-11-09 23:56:39] EDIT sniffer/views/default/index.html: 0
[2016-11-09 23:57:59] EDIT sniffer/controllers/default.py: 3
[2016-11-09 23:58:04] EDIT sniffer/controllers/default.py: 0
[2016-11-09 23:58:06] EDIT sniffer/controllers/default.py: 0
[2016-11-09 23:58:18] EDIT sniffer/controllers/default.py: 0
[2016-11-09 23:58:19] EDIT sniffer/controllers/default.py: 0
[2016-11-09 23:58:19] EDIT sniffer/controllers/default.py: 0
[2016-11-09 23:58:24] EDIT sniffer/controllers/default.py: 0
[2016-11-09 23:58:27] EDIT sniffer/controllers/default.py: 0
[2016-11-09 23:58:31] EDIT sniffer/controllers/default.py: 0
[2016-11-10 00:00:07] EDIT sniffer/controllers/default.py: 0
[2016-11-10 00:00:24] EDIT sniffer/views/default/index.html: 1
[2016-11-10 00:01:45] EDIT sniffer/controllers/default.py: 0
[2016-11-10 00:01:47] EDIT sniffer/controllers/default.py: 0
[2016-11-10 00:02:08] EDIT sniffer/controllers/default.py: 1
[2016-11-10 00:02:09] EDIT sniffer/controllers/default.py: 0
[2016-11-10 00:02:20] EDIT sniffer/controllers/default.py: 1
[2016-11-10 00:02:20] EDIT sniffer/controllers/default.py: 0
[2016-11-10 00:02:29] EDIT sniffer/controllers/default.py: -2
[2016-11-10 00:02:30] EDIT sniffer/controllers/default.py: 0
[2016-11-10 00:02:55] EDIT sniffer/controllers/default.py: 1
[2016-11-10 00:02:56] EDIT sniffer/controllers/default.py: 0
[2016-11-10 00:03:18] EDIT sniffer/controllers/default.py: -1
[2016-11-10 00:03:18] EDIT sniffer/controllers/default.py: 0
[2016-11-10 00:03:33] EDIT sniffer/controllers/default.py: 0
[2016-11-10 00:03:41] EDIT sniffer/controllers/default.py: 1
[2016-11-10 00:03:42] EDIT sniffer/controllers/default.py: 0
[2016-11-10 00:03:48] EDIT sniffer/controllers/default.py: 1
[2016-11-10 00:03:48] EDIT sniffer/controllers/default.py: 0
[2016-11-10 00:04:08] EDIT sniffer/controllers/default.py: -2
[2016-11-10 00:04:08] EDIT sniffer/controllers/default.py: 0
[2016-11-10 00:05:26] EDIT sniffer/controllers/default.py: 2
[2016-11-10 00:08:12] EDIT sniffer/controllers/default.py: 0
[2016-11-10 00:08:36] EDIT sniffer/controllers/default.py: 0
[2016-11-10 00:09:26] EDIT sniffer/controllers/default.py: 0
[2016-11-10 00:09:46] EDIT sniffer/controllers/default.py: 0
[2016-11-10 00:10:52] EDIT sniffer/controllers/default.py: 1
[2016-11-10 00:10:56] EDIT sniffer/controllers/default.py: -1
[2016-11-10 00:11:39] EDIT sniffer/controllers/default.py: 0
[2016-11-10 00:11:51] EDIT sniffer/controllers/default.py: 0
[2016-11-10 00:12:03] EDIT sniffer/controllers/default.py: 0
[2016-11-10 00:12:04] EDIT sniffer/controllers/default.py: 0
[2016-11-10 00:12:04] EDIT sniffer/controllers/default.py: 0
[2016-11-10 00:12:18] EDIT sniffer/controllers/default.py: 0
[2016-11-10 00:12:39] EDIT sniffer/controllers/default.py: 0
[2016-11-10 00:12:49] EDIT sniffer/controllers/default.py: 0
[2016-11-10 00:13:03] EDIT sniffer/controllers/default.py: 0
[2016-11-10 00:13:16] EDIT sniffer/controllers/default.py: 1
[2016-11-10 00:13:37] EDIT sniffer/controllers/default.py: 0
[2016-11-10 00:13:44] EDIT sniffer/controllers/default.py: -1
[2016-11-10 00:14:00] EDIT sniffer/controllers/default.py: 0
[2016-11-10 00:14:22] EDIT sniffer/controllers/default.py: 0
[2016-11-10 00:14:47] EDIT sniffer/controllers/default.py: 0
[2016-11-10 00:15:08] EDIT sniffer/controllers/default.py: 0
[2016-11-10 00:15:20] EDIT sniffer/controllers/default.py: 0
[2016-11-10 01:34:16] EDIT sniffer/controllers/default.py: -6
[2016-11-10 01:34:26] EDIT sniffer/controllers/default.py: 0
[2016-11-10 01:34:39] EDIT sniffer/controllers/default.py: 1
[2016-11-10 01:34:43] EDIT sniffer/controllers/default.py: 0
[2016-11-10 01:34:45] EDIT sniffer/controllers/default.py: 0
[2016-11-10 01:35:58] EDIT sniffer/controllers/default.py: 1
[2016-11-10 01:36:00] EDIT sniffer/controllers/default.py: 0
[2016-11-10 01:36:30] EDIT sniffer/views/default/index.html: 0
[2016-11-10 01:37:57] EDIT sniffer/views/default/index.html: 0
[2016-11-10 01:38:04] EDIT sniffer/controllers/default.py: -4
[2016-11-10 01:38:43] EDIT sniffer/controllers/default.py: 0
[2016-11-10 01:40:58] EDIT sniffer/views/default/index.html: 0
[2016-11-10 01:41:18] EDIT sniffer/views/default/index.html: 0
[2016-11-10 01:42:19] EDIT sniffer/controllers/default.py: 0
[2016-11-10 01:43:13] EDIT sniffer/controllers/default.py: 0
[2016-11-10 01:43:20] EDIT sniffer/views/default/index.html: 0
[2016-11-10 02:23:13] EDIT sniffer/controllers/default.py: 0
[2016-11-10 02:23:19] EDIT sniffer/views/default/index.html: 0
[2016-11-10 02:24:07] EDIT sniffer/views/default/index.html: 0
[2016-11-10 15:27:08] EDIT sniffer/controllers/default.py: 0
[2016-11-10 15:29:50] EDIT sniffer/controllers/default.py: 2
[2016-11-10 15:29:50] EDIT sniffer/controllers/default.py: 0
[2016-11-10 15:30:26] EDIT sniffer/controllers/default.py: 0
[2016-11-10 15:31:03] EDIT sniffer/controllers/default.py: 0
[2016-11-10 15:31:35] EDIT sniffer/views/default/index.html: -1
[2016-11-10 15:32:48] EDIT sniffer/controllers/default.py: 0
[2016-11-10 15:34:19] EDIT sniffer/controllers/default.py: 0
[2016-11-10 15:37:00] EDIT sniffer/controllers/default.py: 0
[2016-11-10 15:43:30] CREATE default/sniffer.html: 0
[2016-11-10 15:52:01] DELETE sniffer/views/default/sniffer.html: -3
[2016-11-10 15:52:25] CREATE default/start.html: 0
[2016-11-10 15:52:57] EDIT sniffer/views/default/start.html: 3
[2016-11-10 15:56:07] EDIT sniffer/controllers/default.py: 1
[2016-11-10 16:00:31] EDIT sniffer/views/default/start.html: 0
[2016-11-10 16:00:43] EDIT sniffer/views/default/start.html: 0
[2016-11-10 16:00:49] EDIT sniffer/views/default/start.html: 0
[2016-11-10 16:01:04] EDIT sniffer/views/default/start.html: 0
[2016-11-10 16:01:23] EDIT sniffer/controllers/default.py: 2
[2016-11-10 16:01:28] EDIT sniffer/controllers/default.py: 1
[2016-11-10 16:02:33] EDIT sniffer/controllers/default.py: 0
[2016-11-10 16:03:01] EDIT sniffer/controllers/default.py: 0
[2016-11-10 16:03:28] EDIT sniffer/views/default/start.html: 0
[2016-11-10 16:04:08] EDIT sniffer/controllers/default.py: 0
[2016-11-10 16:07:59] EDIT sniffer/controllers/default.py: 6
[2016-11-10 16:08:08] EDIT sniffer/controllers/default.py: 1
[2016-11-10 16:08:14] EDIT sniffer/controllers/default.py: 0
[2016-11-10 16:09:20] EDIT sniffer/controllers/default.py: 1
[2016-11-10 16:10:14] EDIT sniffer/controllers/default.py: 0
[2016-11-10 16:11:03] EDIT sniffer/controllers/default.py: 1
[2016-11-10 16:13:42] EDIT sniffer/controllers/default.py: 0
[2016-11-10 16:15:05] EDIT sniffer/controllers/default.py: 0
[2016-11-10 16:16:39] EDIT sniffer/controllers/default.py: 1
[2016-11-10 16:16:44] EDIT sniffer/controllers/default.py: 0
[2016-11-10 18:52:55] EDIT sniffer/controllers/default.py: 0
[2016-11-10 19:03:22] EDIT sniffer/controllers/default.py: 0
[2016-11-10 19:05:50] EDIT sniffer/controllers/default.py: 0
[2016-11-10 19:07:28] EDIT sniffer/controllers/default.py: 0
[2016-11-10 19:07:49] EDIT sniffer/controllers/default.py: 0
[2016-11-10 19:09:17] EDIT sniffer/controllers/default.py: 1
[2016-11-10 19:09:50] EDIT sniffer/controllers/default.py: 0
[2016-11-10 19:10:09] EDIT sniffer/controllers/default.py: 0
[2016-11-10 19:11:21] EDIT sniffer/controllers/default.py: 0
[2016-11-10 19:11:46] EDIT sniffer/controllers/default.py: 0
[2016-11-10 19:12:47] EDIT sniffer/controllers/default.py: 0
[2016-11-10 19:13:39] EDIT sniffer/controllers/default.py: 0
[2016-11-10 19:14:41] EDIT sniffer/controllers/default.py: 0
[2016-11-10 19:15:17] EDIT sniffer/controllers/default.py: 0
[2016-11-10 19:16:27] EDIT sniffer/controllers/default.py: 0
[2016-11-10 19:20:29] EDIT sniffer/controllers/default.py: -9
[2016-11-10 19:20:54] EDIT sniffer/controllers/default.py: 0
[2016-11-10 19:21:51] EDIT sniffer/controllers/default.py: 0
[2016-11-10 19:25:12] EDIT sniffer/controllers/default.py: 1
[2016-11-10 19:26:40] EDIT sniffer/controllers/default.py: 1
[2016-11-10 19:26:41] EDIT sniffer/controllers/default.py: 0
[2016-11-10 19:26:42] EDIT sniffer/controllers/default.py: 0
[2016-11-10 19:27:35] EDIT sniffer/controllers/default.py: 1
[2016-11-10 19:28:00] EDIT sniffer/controllers/default.py: 1
[2016-11-10 19:28:07] EDIT sniffer/controllers/default.py: 0
[2016-11-10 19:28:50] EDIT sniffer/controllers/default.py: -1
[2016-11-10 19:30:59] EDIT sniffer/controllers/default.py: 0
[2016-11-10 19:33:44] EDIT sniffer/controllers/default.py: 3
[2016-11-10 19:34:06] EDIT sniffer/controllers/default.py: 1
[2016-11-10 19:38:38] EDIT sniffer/controllers/default.py: 0
[2016-11-10 19:39:01] EDIT sniffer/controllers/default.py: 1
[2016-11-10 19:40:38] EDIT sniffer/controllers/default.py: 0
[2016-11-10 19:43:04] CREATE db1.py: 0
[2016-11-10 19:43:43] EDIT sniffer/models/db1.py: 3
[2016-11-10 19:43:52] EDIT sniffer/models/db1.py: 0
[2016-11-10 19:44:00] EDIT sniffer/models/db1.py: -1
[2016-11-10 19:44:03] EDIT sniffer/models/db1.py: -1
[2016-11-10 19:44:06] EDIT sniffer/models/db1.py: 0
[2016-11-10 19:44:25] EDIT sniffer/models/db1.py: 2
[2016-11-10 19:44:27] EDIT sniffer/models/db1.py: 0
[2016-11-10 19:44:55] EDIT sniffer/models/db1.py: -2
[2016-11-10 19:44:56] EDIT sniffer/models/db1.py: 0
[2016-11-10 19:45:04] EDIT sniffer/controllers/default.py: -1
[2016-11-10 19:45:17] EDIT sniffer/controllers/default.py: -2
[2016-11-10 19:45:23] EDIT sniffer/controllers/default.py: 0
[2016-11-10 19:45:30] EDIT sniffer/controllers/default.py: 0
[2016-11-10 19:45:43] EDIT sniffer/controllers/default.py: -4
[2016-11-10 19:46:57] EDIT sniffer/controllers/default.py: -1
[2016-11-10 19:47:10] EDIT sniffer/controllers/default.py: 0
[2016-11-10 19:47:30] EDIT sniffer/controllers/default.py: 0
[2016-11-10 19:47:40] EDIT sniffer/controllers/default.py: 0
[2016-11-10 19:48:25] EDIT sniffer/controllers/default.py: 0
[2016-11-10 19:48:30] EDIT sniffer/controllers/default.py: 0
[2016-11-10 19:49:27] EDIT sniffer/controllers/default.py: 0
[2016-11-10 19:49:50] EDIT sniffer/models/db1.py: 0
[2016-11-10 19:50:26] EDIT sniffer/models/db1.py: 0
[2016-11-10 19:50:50] EDIT sniffer/models/db1.py: 0
[2016-11-10 19:51:08] EDIT sniffer/models/db1.py: 0
[2016-11-10 19:51:55] EDIT sniffer/models/db1.py: 0
[2016-11-10 19:52:42] EDIT sniffer/models/db1.py: 0
[2016-11-10 19:52:49] EDIT sniffer/models/db1.py: 0
[2016-11-10 19:53:04] EDIT sniffer/models/db1.py: 0
[2016-11-10 19:53:44] EDIT sniffer/models/db1.py: 0
[2016-11-10 21:16:22] EDIT sniffer/controllers/default.py: 0
[2016-11-10 21:17:35] EDIT sniffer/models/db1.py: 0
[2016-11-10 21:17:59] EDIT sniffer/controllers/default.py: 0
[2016-11-10 21:19:48] EDIT sniffer/controllers/default.py: 0
[2016-11-10 21:21:20] EDIT sniffer/controllers/default.py: 0
[2016-11-10 21:23:15] EDIT sniffer/controllers/default.py: 0
[2016-11-24 20:04:08] EDIT sniffer/controllers/default.py: 1
[2016-11-24 20:14:29] EDIT sniffer/controllers/default.py: 0
[2016-11-24 20:18:32] EDIT sniffer/controllers/default.py: 2
[2016-11-24 20:18:42] EDIT sniffer/controllers/default.py: 0
[2016-11-24 20:19:27] EDIT sniffer/controllers/default.py: 0
[2016-11-24 20:21:16] EDIT sniffer/controllers/default.py: 0
[2016-11-24 20:22:48] EDIT sniffer/controllers/default.py: 0
[2016-11-24 20:24:30] EDIT sniffer/controllers/default.py: 0
[2016-11-24 20:25:31] EDIT sniffer/controllers/default.py: 0
[2016-11-24 20:28:21] EDIT sniffer/controllers/default.py: 1
[2016-11-24 20:28:26] EDIT sniffer/controllers/default.py: 0
[2016-11-24 20:28:31] EDIT sniffer/controllers/default.py: 0
[2016-11-24 20:28:33] EDIT sniffer/controllers/default.py: 0
[2016-11-24 20:31:08] EDIT sniffer/controllers/default.py: 0
[2016-11-24 20:33:20] EDIT sniffer/controllers/default.py: 0
[2016-11-24 20:35:13] EDIT sniffer/controllers/default.py: 0
[2016-11-24 20:36:15] EDIT sniffer/controllers/default.py: 0
[2016-11-24 21:40:47] EDIT sniffer/controllers/default.py: 0
[2016-11-24 21:45:40] EDIT sniffer/controllers/default.py: 0
[2016-11-24 21:46:00] EDIT sniffer/controllers/default.py: 1
[2016-11-24 21:46:03] EDIT sniffer/controllers/default.py: 0
[2016-11-24 21:46:05] EDIT sniffer/controllers/default.py: 0
[2016-11-24 21:54:00] EDIT sniffer/controllers/default.py: 0
[2016-11-24 22:02:43] EDIT sniffer/controllers/default.py: 1
[2016-11-24 22:02:47] EDIT sniffer/controllers/default.py: 0
[2016-11-24 22:02:50] EDIT sniffer/controllers/default.py: 0
[2016-11-24 22:03:02] EDIT sniffer/controllers/default.py: 0
[2016-11-24 22:03:19] EDIT sniffer/controllers/default.py: 0
[2016-11-24 22:03:32] EDIT sniffer/controllers/default.py: 0
[2016-11-24 22:08:36] EDIT sniffer/controllers/default.py: 0
[2016-11-24 22:52:30] CREATE grapf.html: 0
[2016-11-24 22:52:53] DELETE sniffer/views/grapf.html: -3
[2016-11-24 22:59:07] CREATE default/graph.html.py: 0
[2016-11-24 22:59:58] DELETE sniffer/models/default/graph.html.py: 0
[2016-11-24 23:00:22] CREATE default/graph.html: 0
[2016-11-24 23:01:09] EDIT sniffer/controllers/default.py: 2
[2016-11-24 23:01:24] EDIT sniffer/views/default/graph.html: -1
[2016-11-24 23:28:30] EDIT sniffer/views/default/graph.html: 0
[2016-11-25 01:36:02] EDIT sniffer/controllers/default.py: 3
[2016-11-25 01:36:06] EDIT sniffer/controllers/default.py: 0
[2016-11-25 01:36:09] EDIT sniffer/controllers/default.py: 0
[2016-11-25 01:36:12] EDIT sniffer/controllers/default.py: 0
[2016-11-25 01:36:13] EDIT sniffer/controllers/default.py: 0
[2016-11-25 01:36:13] EDIT sniffer/controllers/default.py: 0
[2016-11-25 01:36:14] EDIT sniffer/controllers/default.py: 0
[2016-11-25 01:36:15] EDIT sniffer/controllers/default.py: 0
[2016-11-25 01:36:15] EDIT sniffer/controllers/default.py: 0
[2016-11-25 01:36:16] EDIT sniffer/controllers/default.py: 0
[2016-11-25 01:36:17] EDIT sniffer/controllers/default.py: 0
[2016-11-25 01:36:18] EDIT sniffer/controllers/default.py: 0
[2016-11-25 01:36:18] EDIT sniffer/controllers/default.py: 0
[2016-11-25 01:36:19] EDIT sniffer/controllers/default.py: 0
[2016-11-25 01:36:20] EDIT sniffer/controllers/default.py: 0
[2016-11-25 01:36:26] EDIT sniffer/controllers/default.py: 0
[2016-11-25 01:36:27] EDIT sniffer/controllers/default.py: 0
[2016-11-25 01:36:28] EDIT sniffer/controllers/default.py: 0
[2016-11-25 01:36:29] EDIT sniffer/controllers/default.py: 0
[2016-11-25 01:36:30] EDIT sniffer/controllers/default.py: 0
[2016-11-25 01:36:33] EDIT sniffer/controllers/default.py: 0
[2016-11-25 01:36:34] EDIT sniffer/controllers/default.py: 0
[2016-11-25 01:36:34] EDIT sniffer/controllers/default.py: 0
[2016-11-25 01:36:36] EDIT sniffer/controllers/default.py: 0
[2016-11-25 01:36:38] EDIT sniffer/controllers/default.py: 0
[2016-11-25 01:40:02] EDIT sniffer/controllers/default.py: 1
[2016-11-25 01:40:09] EDIT sniffer/controllers/default.py: 0
[2016-11-25 01:40:13] EDIT sniffer/controllers/default.py: 0
[2016-11-25 01:40:15] EDIT sniffer/controllers/default.py: 0
[2016-11-25 01:40:30] EDIT sniffer/controllers/default.py: 0
[2016-11-25 01:40:32] EDIT sniffer/controllers/default.py: 0
[2016-11-25 01:40:36] EDIT sniffer/controllers/default.py: 0
[2016-11-25 01:40:40] EDIT sniffer/controllers/default.py: 0
[2016-11-25 01:40:54] EDIT sniffer/controllers/default.py: 0
[2016-11-25 01:40:58] EDIT sniffer/controllers/default.py: 0
[2016-11-25 01:43:47] EDIT sniffer/controllers/default.py: 0
[2016-11-25 01:45:08] EDIT sniffer/controllers/default.py: 0
[2016-11-25 01:50:40] EDIT sniffer/controllers/default.py: 0
[2016-11-25 01:51:33] EDIT sniffer/controllers/default.py: 0
[2016-11-25 01:54:29] EDIT sniffer/controllers/default.py: 0
[2016-11-25 01:56:02] EDIT sniffer/controllers/default.py: 0
[2016-11-25 02:15:59] EDIT sniffer/views/default/graph.html: 26
[2016-11-25 02:21:31] EDIT sniffer/controllers/default.py: 1
[2016-11-25 02:21:57] EDIT sniffer/controllers/default.py: 0
[2016-11-25 02:33:26] EDIT sniffer/controllers/default.py: 0
[2016-11-25 02:36:39] EDIT sniffer/controllers/default.py: 1
[2016-11-25 02:55:53] EDIT sniffer/controllers/default.py: 6
[2016-11-25 02:55:58] EDIT sniffer/controllers/default.py: 0
[2016-11-25 02:56:02] EDIT sniffer/controllers/default.py: 0
[2016-11-25 02:56:11] EDIT sniffer/controllers/default.py: 0
[2016-11-25 02:56:13] EDIT sniffer/controllers/default.py: 0
[2016-11-25 02:56:23] EDIT sniffer/controllers/default.py: 0
[2016-11-25 02:56:27] EDIT sniffer/controllers/default.py: 0
[2016-11-25 02:56:32] EDIT sniffer/controllers/default.py: 0
[2016-11-25 02:56:36] EDIT sniffer/controllers/default.py: 0
[2016-11-25 02:56:40] EDIT sniffer/controllers/default.py: 0
[2016-11-25 02:56:43] EDIT sniffer/controllers/default.py: 0
[2016-11-25 02:56:47] EDIT sniffer/controllers/default.py: -1
[2016-11-25 02:56:51] EDIT sniffer/controllers/default.py: 0
[2016-11-25 02:57:44] EDIT sniffer/controllers/default.py: 0
[2016-11-25 02:58:30] EDIT sniffer/controllers/default.py: 0
[2016-11-25 03:56:41] EDIT sniffer/controllers/default.py: 0
[2016-11-25 03:57:40] EDIT sniffer/controllers/default.py: 0
[2016-11-25 03:58:21] EDIT sniffer/controllers/default.py: 0
[2016-11-25 04:00:17] EDIT sniffer/controllers/default.py: 0
[2016-11-25 04:00:47] EDIT sniffer/controllers/default.py: 0
[2016-11-25 04:19:04] EDIT sniffer/controllers/default.py: 3
[2016-11-25 04:23:36] EDIT sniffer/controllers/default.py: 0
[2016-11-25 04:26:08] EDIT sniffer/controllers/default.py: 0
[2016-11-25 04:32:26] EDIT sniffer/controllers/default.py: 0
[2016-11-25 04:48:22] EDIT sniffer/controllers/default.py: 1
[2016-11-25 04:48:45] EDIT sniffer/controllers/default.py: 0
[2016-11-25 16:54:27] EDIT sniffer/controllers/default.py: 0
[2016-11-25 16:55:31] CREATE deafult/sniffer.html: 0
[2016-11-25 16:56:02] DELETE sniffer/views/default/graph.html: -28
[2016-11-25 16:56:39] EDIT sniffer/views/deafult/sniffer.html: 25
[2016-11-25 16:57:11] CREATE default/sniffer.html: 0
[2016-11-25 16:57:18] DELETE sniffer/views/deafult/sniffer.html: -28
[2016-11-25 16:57:25] EDIT sniffer/views/default/sniffer.html: 25
[2016-11-25 16:58:12] EDIT sniffer/controllers/default.py: -2
[2016-11-25 16:58:52] EDIT sniffer/controllers/default.py: 0
[2016-11-25 17:00:29] EDIT sniffer/controllers/default.py: 0
[2016-11-25 17:01:37] DELETE sniffer/views/default/sniffer.html: -28
[2016-11-25 17:01:54] CREATE default.py/sniffer.html: 0
[2016-11-25 17:02:20] DELETE sniffer/views/default.py/sniffer.html: -3
[2016-11-25 17:04:16] CREATE default/sniffer.html: 0
[2016-11-25 17:04:25] EDIT sniffer/views/default/sniffer.html: 25
[2016-11-25 17:05:48] EDIT sniffer/controllers/default.py: 0
[2016-11-25 17:06:24] EDIT sniffer/views/default/sniffer.html: -6
[2016-11-25 17:07:26] EDIT sniffer/controllers/default.py: 1
[2016-11-25 17:07:29] EDIT sniffer/controllers/default.py: 0
[2016-11-25 17:10:06] EDIT sniffer/controllers/default.py: 0
[2016-11-25 17:11:32] DELETE sniffer/views/default/sniffer.html: -22
[2016-11-25 17:11:55] CREATE default_/_snif.html: 0
[2016-11-25 17:12:03] DELETE sniffer/views/default_/_snif.html: -3
[2016-11-25 17:12:15] CREATE default/snif.html: 0
[2016-11-25 17:12:42] EDIT sniffer/views/default/snif.html: 25
[2016-11-25 17:14:08] EDIT sniffer/controllers/default.py: -1
[2016-11-25 17:14:43] EDIT sniffer/views/default/snif.html: -4
[2016-11-25 17:19:27] EDIT sniffer/controllers/default.py: 0
[2016-11-25 17:21:30] EDIT sniffer/controllers/default.py: 0
[2016-11-25 17:22:40] EDIT sniffer/controllers/default.py: 2
[2016-11-25 17:23:05] EDIT sniffer/controllers/default.py: 0
[2016-11-25 17:24:21] EDIT sniffer/views/default/snif.html: 0
[2016-11-25 17:25:52] EDIT sniffer/controllers/default.py: 0
[2016-11-25 17:26:29] EDIT sniffer/controllers/default.py: 0
[2016-11-25 17:28:35] EDIT sniffer/views/default/snif.html: -1
[2016-11-25 17:28:54] EDIT sniffer/views/default/snif.html: 1
[2016-11-25 17:28:58] EDIT sniffer/controllers/default.py: 0
[2016-11-25 17:46:51] CREATE default/show_pack.html: 0
[2016-11-25 17:50:22] EDIT sniffer/controllers/default.py: 2
[2016-11-25 17:50:32] EDIT sniffer/controllers/default.py: 0
[2016-11-25 17:52:14] EDIT sniffer/controllers/default.py: 0
[2016-11-25 17:52:33] EDIT sniffer/controllers/default.py: 0
[2016-11-25 17:53:17] EDIT sniffer/controllers/default.py: 0
[2016-11-25 17:53:18] EDIT sniffer/controllers/default.py: 0
[2016-11-25 17:54:00] EDIT sniffer/views/default/show_pack.html: 0
[2016-11-25 17:57:40] EDIT sniffer/controllers/default.py: 0
[2016-11-25 18:39:04] EDIT sniffer/controllers/default.py: 1
[2016-11-25 18:40:10] EDIT sniffer/controllers/default.py: 0
[2016-11-25 18:41:14] EDIT sniffer/controllers/default.py: 0
[2016-11-25 18:41:15] EDIT sniffer/controllers/default.py: 0
[2016-11-25 18:41:21] EDIT sniffer/controllers/default.py: 1
[2016-11-25 18:41:27] EDIT sniffer/controllers/default.py: 1
[2016-11-25 18:41:31] EDIT sniffer/controllers/default.py: 0
[2016-11-25 18:41:42] EDIT sniffer/controllers/default.py: 0
[2016-11-25 18:42:11] EDIT sniffer/controllers/default.py: 1
[2016-11-25 18:43:48] EDIT sniffer/controllers/default.py: 0
[2016-11-25 18:45:04] EDIT sniffer/controllers/default.py: 0
[2016-11-25 18:45:16] EDIT sniffer/views/default/show_pack.html: 0
[2016-11-25 18:45:34] EDIT sniffer/views/default/show_pack.html: 1
[2016-11-25 18:45:52] EDIT sniffer/views/default/show_pack.html: 0
[2016-11-25 18:45:56] EDIT sniffer/views/default/show_pack.html: 0
[2016-11-25 18:46:06] EDIT sniffer/views/default/show_pack.html: 0
[2016-11-25 18:46:19] EDIT sniffer/views/default/show_pack.html: -1
[2016-11-25 18:47:02] EDIT sniffer/controllers/default.py: 1
[2016-11-25 18:47:10] EDIT sniffer/controllers/default.py: 1
[2016-11-25 18:48:04] EDIT sniffer/controllers/default.py: 0
[2016-11-25 18:49:57] EDIT sniffer/controllers/default.py: 0
[2016-11-25 18:51:02] EDIT sniffer/controllers/default.py: 1
[2016-11-25 18:51:07] EDIT sniffer/views/default/show_pack.html: 0
[2016-11-25 18:51:56] EDIT sniffer/controllers/default.py: 1
[2016-11-25 18:54:10] EDIT sniffer/controllers/default.py: 0
[2016-11-25 18:58:08] EDIT sniffer/controllers/default.py: -1
[2016-11-25 19:03:48] EDIT sniffer/views/default/show_pack.html: 0
[2016-11-25 19:10:04] EDIT sniffer/controllers/default.py: 0
[2016-11-25 19:10:41] EDIT sniffer/controllers/default.py: 0
[2016-11-25 19:11:20] EDIT sniffer/views/default/show_pack.html: 0
[2016-11-25 19:11:54] EDIT sniffer/controllers/default.py: 0
[2016-11-25 19:14:17] EDIT sniffer/views/default/snif.html: -2
[2016-11-25 19:16:21] EDIT sniffer/views/default/show_pack.html: 3
[2016-11-25 19:23:56] EDIT sniffer/views/default/show_pack.html: 0
[2016-11-25 19:24:53] EDIT sniffer/views/default/show_pack.html: 0
[2016-11-25 19:25:45] EDIT sniffer/controllers/default.py: 2
[2016-11-25 19:30:25] EDIT sniffer/controllers/default.py: 1
[2016-11-25 19:35:20] EDIT sniffer/controllers/default.py: -1
[2016-11-25 19:36:56] EDIT sniffer/views/default/snif.html: 4
[2016-11-25 19:37:17] EDIT sniffer/views/default/snif.html: 0
[2016-11-25 21:18:57] EDIT sniffer/controllers/default.py: 0
[2016-11-25 21:19:25] EDIT sniffer/controllers/default.py: 0
[2016-11-25 21:22:24] EDIT sniffer/controllers/default.py: 0
[2016-11-25 21:25:08] EDIT sniffer/controllers/default.py: 0
[2016-11-25 21:25:18] EDIT sniffer/views/default/snif.html: 0
[2016-11-25 21:28:21] EDIT sniffer/controllers/default.py: 0
[2016-11-25 21:30:25] EDIT sniffer/controllers/default.py: 1
[2016-11-25 21:32:26] EDIT sniffer/controllers/default.py: 1
[2016-11-25 21:34:05] EDIT sniffer/views/default/snif.html: 1
[2016-11-25 21:34:18] EDIT sniffer/views/default/snif.html: 0
[2016-11-25 21:36:33] EDIT sniffer/views/default/snif.html: 0
[2016-11-25 21:37:25] EDIT sniffer/views/default/snif.html: 0
[2016-11-25 21:38:14] EDIT sniffer/views/default/snif.html: 0
[2016-11-25 21:39:11] EDIT sniffer/views/default/snif.html: 0
[2016-11-25 21:40:14] EDIT sniffer/views/default/snif.html: 0
[2016-11-25 21:43:06] EDIT sniffer/views/default/snif.html: -5
[2016-11-25 21:43:14] EDIT sniffer/controllers/default.py: 1
[2016-11-25 21:44:29] EDIT sniffer/views/default/snif.html: 6
[2016-11-25 21:44:36] EDIT sniffer/views/default/snif.html: 0
[2016-11-25 21:47:59] EDIT sniffer/views/default/snif.html: -2
[2016-11-25 21:48:35] EDIT sniffer/views/default/snif.html: 2
[2016-11-25 21:49:25] EDIT sniffer/views/default/snif.html: 1
[2016-11-25 21:49:30] EDIT sniffer/views/default/snif.html: 0
[2016-11-25 21:51:00] EDIT sniffer/views/default/snif.html: 0
[2016-11-25 21:51:50] EDIT sniffer/views/default/snif.html: 29
[2016-11-25 21:53:00] EDIT sniffer/views/default/snif.html: 0
[2016-11-25 21:53:14] EDIT sniffer/views/default/snif.html: 0
[2016-11-25 21:55:04] EDIT sniffer/views/default/snif.html: -28
[2016-11-25 21:55:21] EDIT sniffer/views/default/snif.html: 0
[2016-11-25 21:55:42] EDIT sniffer/views/default/snif.html: 1
[2016-11-25 21:55:59] EDIT sniffer/controllers/default.py: -1
[2016-11-25 22:01:45] EDIT sniffer/controllers/default.py: 0
[2016-11-25 22:01:53] EDIT sniffer/views/default/snif.html: -9
[2016-11-25 22:02:30] EDIT sniffer/views/default/snif.html: 0
[2016-11-25 22:05:41] EDIT sniffer/views/default/snif.html: 13
[2016-11-25 22:05:57] EDIT sniffer/views/default/snif.html: -1
[2016-11-25 22:08:53] EDIT sniffer/views/default/snif.html: 1
[2016-11-25 22:09:55] EDIT sniffer/views/default/snif.html: 1
[2016-11-25 22:10:21] EDIT sniffer/views/default/snif.html: -1
[2016-11-25 22:10:26] EDIT sniffer/views/default/snif.html: 1
[2016-11-25 22:13:00] EDIT sniffer/views/default/snif.html: 0
[2016-11-25 22:14:41] EDIT sniffer/views/default/snif.html: 1
[2016-11-25 22:18:05] EDIT sniffer/views/default/snif.html: 1
[2016-11-25 22:18:11] EDIT sniffer/views/default/snif.html: 0
[2016-11-25 22:19:05] EDIT sniffer/views/default/snif.html: 5
[2016-11-25 22:19:33] EDIT sniffer/views/default/snif.html: 1
[2016-11-25 22:19:47] EDIT sniffer/views/default/snif.html: 0
[2016-11-25 22:20:16] EDIT sniffer/views/default/snif.html: -13
[2016-11-25 22:20:18] EDIT sniffer/views/default/snif.html: 0
[2016-11-25 22:22:12] EDIT sniffer/views/default/snif.html: 1
[2016-11-25 22:22:21] EDIT sniffer/controllers/default.py: 0
[2016-11-25 22:23:17] EDIT sniffer/views/default/snif.html: 0
[2016-11-25 22:23:29] EDIT sniffer/views/default/snif.html: 0
[2016-11-25 22:23:33] EDIT sniffer/views/default/snif.html: 0
[2016-11-25 22:23:57] EDIT sniffer/views/default/snif.html: 0
[2016-11-25 22:24:55] EDIT sniffer/views/default/snif.html: 0
[2016-11-25 22:25:47] EDIT sniffer/controllers/default.py: 0
[2016-11-25 22:25:59] EDIT sniffer/controllers/default.py: 0
[2016-11-25 22:29:10] EDIT sniffer/views/default/snif.html: 0
[2016-11-25 22:30:45] EDIT sniffer/views/default/snif.html: 0
[2016-11-25 22:32:06] EDIT sniffer/views/default/snif.html: 0
[2016-11-25 22:39:16] EDIT sniffer/controllers/default.py: 0
[2016-11-26 00:02:32] EDIT sniffer/views/default/snif.html: 0
[2016-11-26 00:05:00] EDIT sniffer/views/default/snif.html: 0
[2016-11-26 00:05:43] EDIT sniffer/views/default/snif.html: 0
[2016-11-26 00:05:47] EDIT sniffer/views/default/snif.html: 0
[2016-11-26 00:07:57] EDIT sniffer/views/default/snif.html: 0
[2016-11-26 00:41:49] EDIT sniffer/views/default/show_pack.html: 0
[2016-11-26 00:42:15] EDIT sniffer/controllers/default.py: -1
[2016-11-26 00:43:51] EDIT sniffer/controllers/default.py: 1
[2016-11-26 00:51:21] EDIT sniffer/controllers/default.py: 2
[2016-11-26 00:51:33] EDIT sniffer/controllers/default.py: 0
[2016-11-26 00:52:25] EDIT sniffer/views/default/index.html: 3
[2016-11-26 00:52:44] EDIT sniffer/controllers/default.py: 0
[2016-11-26 00:54:10] EDIT sniffer/controllers/default.py: -2
[2016-11-26 00:54:28] EDIT sniffer/views/default/index.html: -3
[2016-11-26 01:06:44] EDIT sniffer/controllers/default.py: -2
[2016-11-26 01:12:03] EDIT sniffer/views/default/snif.html: 1
[2016-11-26 01:21:04] EDIT sniffer/controllers/default.py: 0
[2016-11-26 03:25:07] EDIT sniffer/controllers/default.py: 3
[2016-11-26 03:27:45] EDIT sniffer/views/default/snif.html: 23
[2016-11-26 03:32:36] EDIT sniffer/views/default/snif.html: 1
[2016-11-26 03:35:53] EDIT sniffer/views/default/snif.html: 0
[2016-11-26 03:36:40] EDIT sniffer/views/default/snif.html: 0
[2016-11-26 03:37:12] EDIT sniffer/views/default/snif.html: 0
[2016-11-26 03:42:02] EDIT sniffer/controllers/default.py: 1
[2016-11-26 03:42:44] EDIT sniffer/controllers/default.py: 0
[2016-11-26 03:43:19] EDIT sniffer/controllers/default.py: 1
[2016-11-26 03:45:00] EDIT sniffer/views/default/snif.html: 0
[2016-11-26 03:46:32] EDIT sniffer/controllers/default.py: 1
[2016-11-26 03:46:46] EDIT sniffer/controllers/default.py: 0
[2016-11-26 03:48:00] EDIT sniffer/controllers/default.py: 1
[2016-11-26 03:48:07] EDIT sniffer/controllers/default.py: 1
[2016-11-26 03:57:25] EDIT sniffer/views/default/snif.html: -1
[2016-11-26 03:58:17] EDIT sniffer/views/default/snif.html: 1
[2016-11-26 03:58:22] EDIT sniffer/views/default/snif.html: 0
[2016-11-26 03:59:27] EDIT sniffer/views/default/snif.html: 1
[2016-11-26 04:07:37] EDIT sniffer/views/default/snif.html: 1
[2016-11-26 04:09:21] EDIT sniffer/views/default/snif.html: 3
[2016-11-26 04:10:07] EDIT sniffer/views/default/snif.html: 1
[2016-11-26 04:13:48] EDIT sniffer/controllers/default.py: 0
[2016-11-26 04:21:25] EDIT sniffer/views/default/show_pack.html: 0
[2016-11-26 04:22:04] EDIT sniffer/views/default/show_pack.html: -1
[2016-11-26 04:22:16] EDIT sniffer/views/default/show_pack.html: -1
[2016-11-26 04:23:17] EDIT sniffer/controllers/default.py: 0
[2016-11-26 04:23:38] EDIT sniffer/views/default/show_pack.html: 1
[2016-11-26 04:23:45] EDIT sniffer/views/default/show_pack.html: 0
[2016-11-26 04:25:43] EDIT sniffer/views/default/show_pack.html: -2
[2016-11-26 04:30:15] EDIT sniffer/views/default/snif.html: 0
[2016-11-26 04:30:37] EDIT sniffer/views/default/snif.html: 0
[2016-11-26 04:30:53] EDIT sniffer/views/default/snif.html: 0
[2016-11-26 04:31:04] EDIT sniffer/views/default/snif.html: 0
[2016-11-26 04:31:31] EDIT sniffer/views/default/snif.html: 0
[2016-11-26 04:31:36] EDIT sniffer/views/default/snif.html: 0
[2016-11-26 04:32:42] EDIT sniffer/views/default/snif.html: -1
[2016-11-26 04:33:52] EDIT sniffer/controllers/default.py: 0
[2016-11-26 04:49:24] EDIT sniffer/views/default/snif.html: 0
[2016-11-26 04:52:01] EDIT sniffer/views/default/snif.html: -3
[2016-11-26 04:53:41] EDIT sniffer/controllers/default.py: -1
[2016-11-26 04:54:02] EDIT sniffer/controllers/default.py: 1
[2016-11-26 04:55:55] EDIT sniffer/controllers/default.py: 0
[2016-11-26 05:23:57] EDIT sniffer/controllers/default.py: 0
[2016-11-26 05:34:36] EDIT sniffer/controllers/default.py: 0
[2016-11-26 05:35:19] EDIT sniffer/controllers/default.py: 0
[2016-11-26 05:41:03] EDIT sniffer/controllers/default.py: 2
[2016-11-26 05:53:50] EDIT sniffer/controllers/default.py: 1
[2016-11-26 05:53:57] EDIT sniffer/controllers/default.py: 0
[2016-11-26 05:54:00] EDIT sniffer/controllers/default.py: 0
[2016-11-26 05:55:11] EDIT sniffer/controllers/default.py: 0
[2016-11-26 05:55:16] EDIT sniffer/controllers/default.py: 0
[2016-11-26 05:55:42] EDIT sniffer/controllers/default.py: 0
[2016-11-26 05:56:11] EDIT sniffer/controllers/default.py: 0
[2016-11-26 06:00:25] EDIT sniffer/controllers/default.py: 0
[2016-11-26 06:03:37] EDIT sniffer/controllers/default.py: 0
[2016-11-26 06:03:47] EDIT sniffer/controllers/default.py: 0
[2016-11-26 06:04:25] EDIT sniffer/controllers/default.py: 0
[2016-11-26 06:04:38] EDIT sniffer/controllers/default.py: 0
[2016-11-26 06:05:09] EDIT sniffer/views/default/snif.html: 0
[2016-11-26 06:06:09] EDIT sniffer/views/default/snif.html: 0
[2016-11-26 06:07:10] EDIT sniffer/views/default/snif.html: 1
[2016-11-26 06:07:23] EDIT sniffer/views/default/snif.html: 0
[2016-11-26 06:08:05] EDIT sniffer/views/default/snif.html: -3
[2016-11-26 06:08:10] EDIT sniffer/views/default/snif.html: 0
[2016-11-26 06:13:22] EDIT sniffer/views/default/snif.html: 1
[2016-11-26 06:15:39] EDIT sniffer/views/default/snif.html: 1
[2016-11-26 06:15:57] EDIT sniffer/views/default/snif.html: 0
[2016-11-26 06:17:24] EDIT sniffer/views/default/snif.html: 0
[2016-11-26 06:18:18] EDIT sniffer/views/default/snif.html: 0
[2016-11-26 06:23:16] EDIT sniffer/views/default/snif.html: 1
[2016-11-26 06:23:35] EDIT sniffer/views/default/snif.html: 0
[2016-11-26 06:23:47] EDIT sniffer/views/default/snif.html: 0
[2016-11-26 06:24:19] EDIT sniffer/views/default/snif.html: 1
[2016-11-26 06:25:16] EDIT sniffer/views/default/snif.html: 0
[2016-11-26 06:25:23] EDIT sniffer/views/default/snif.html: 0
[2016-11-26 06:25:46] EDIT sniffer/views/default/snif.html: 0
[2016-11-26 06:28:02] EDIT sniffer/views/default/snif.html: 0
[2016-11-26 06:32:06] EDIT sniffer/views/default/snif.html: 1
[2016-11-26 06:41:01] EDIT sniffer/views/default/snif.html: 0
[2016-11-26 06:41:55] EDIT sniffer/views/default/snif.html: 0
[2016-11-26 06:49:01] EDIT sniffer/views/default/snif.html: -2
[2016-11-26 06:56:40] EDIT sniffer/views/default/snif.html: 4
[2016-11-26 06:57:10] EDIT sniffer/views/default/snif.html: 0
[2016-11-26 06:58:17] EDIT sniffer/views/default/snif.html: 0
[2016-11-26 06:59:28] EDIT sniffer/views/default/snif.html: -1
[2016-11-26 07:00:08] EDIT sniffer/views/default/snif.html: 1
[2016-11-26 07:00:46] EDIT sniffer/views/default/snif.html: 0
[2016-11-26 07:01:36] EDIT sniffer/views/default/snif.html: 0
[2016-11-26 07:03:56] EDIT sniffer/views/default/snif.html: -1
[2016-11-26 07:05:23] EDIT sniffer/views/default/snif.html: 1
[2016-11-26 07:39:03] EDIT sniffer/views/default/snif.html: 0
[2016-11-26 07:39:20] EDIT sniffer/views/default/snif.html: 0
[2016-11-26 07:40:02] EDIT sniffer/views/default/snif.html: -1
[2016-11-26 07:42:13] EDIT sniffer/views/default/snif.html: 0
[2016-11-26 07:54:14] EDIT sniffer/views/default/snif.html: 1
[2016-11-26 07:54:58] EDIT sniffer/controllers/default.py: -1
[2016-11-26 08:03:22] EDIT sniffer/views/default/snif.html: 2
[2016-11-26 08:03:48] EDIT sniffer/views/default/snif.html: 0
[2016-11-26 08:05:30] EDIT sniffer/controllers/default.py: 2
[2016-11-26 08:11:27] EDIT sniffer/controllers/default.py: 0
[2016-11-26 08:11:54] EDIT sniffer/views/default/snif.html: 1
[2016-11-26 08:16:52] EDIT sniffer/controllers/default.py: 3
[2016-11-26 08:17:33] EDIT sniffer/controllers/default.py: 0
[2016-11-26 08:19:27] EDIT sniffer/controllers/default.py: 1
[2016-11-26 10:01:51] EDIT sniffer/controllers/default.py: 1
[2016-11-26 10:02:39] EDIT sniffer/controllers/default.py: 0
[2016-11-26 10:04:41] EDIT sniffer/controllers/default.py: 0
[2016-11-26 10:06:12] EDIT sniffer/controllers/default.py: 0
[2016-11-26 10:08:21] EDIT sniffer/controllers/default.py: 1
[2016-11-26 10:12:32] EDIT sniffer/controllers/default.py: 2
[2016-11-26 10:18:04] EDIT sniffer/controllers/default.py: 3
[2016-11-26 10:19:07] EDIT sniffer/controllers/default.py: 1
[2016-11-26 10:19:13] EDIT sniffer/controllers/default.py: 0
[2016-11-26 10:19:50] EDIT sniffer/controllers/default.py: 0
[2016-11-26 10:31:50] EDIT sniffer/controllers/default.py: 0
[2016-11-26 10:35:51] EDIT sniffer/controllers/default.py: 0
[2016-11-26 10:47:46] EDIT sniffer/controllers/default.py: 0
[2016-11-26 10:50:03] EDIT sniffer/controllers/default.py: 0
[2016-11-26 10:53:22] EDIT sniffer/controllers/default.py: 1
[2016-11-26 10:53:43] EDIT sniffer/controllers/default.py: 0
[2016-11-26 10:54:22] EDIT sniffer/controllers/default.py: -4
[2016-11-26 10:54:36] EDIT sniffer/controllers/default.py: -1
[2016-11-26 10:55:08] EDIT sniffer/views/default/snif.html: -1
[2016-11-26 10:55:11] EDIT sniffer/controllers/default.py: 0
[2016-11-26 11:01:18] EDIT sniffer/controllers/default.py: 0
[2016-11-26 11:03:23] EDIT sniffer/controllers/default.py: 0
[2016-11-26 11:03:31] EDIT sniffer/controllers/default.py: -2
[2016-11-26 11:05:07] EDIT sniffer/controllers/default.py: 0
[2016-11-26 11:05:58] EDIT sniffer/controllers/default.py: 1
[2016-11-26 11:11:06] EDIT sniffer/controllers/default.py: -2
[2016-11-26 11:11:54] EDIT sniffer/controllers/default.py: 0
[2016-11-26 11:16:54] EDIT sniffer/controllers/default.py: 0
[2016-11-26 11:32:12] EDIT sniffer/controllers/default.py: 0
[2016-11-26 11:33:45] EDIT sniffer/controllers/default.py: 0
[2016-11-26 11:40:21] EDIT sniffer/controllers/default.py: 0
[2016-11-26 11:40:39] EDIT sniffer/controllers/default.py: 0
[2016-11-26 11:48:19] EDIT sniffer/views/default/snif.html: 0
[2016-11-26 11:48:22] EDIT sniffer/controllers/default.py: 0
[2016-11-26 11:52:07] EDIT sniffer/views/default/snif.html: 0
[2016-11-26 11:53:59] EDIT sniffer/views/default/snif.html: 3
[2016-11-26 11:54:03] EDIT sniffer/views/default/snif.html: 0
[2016-11-26 11:56:15] EDIT sniffer/views/default/snif.html: 1
[2016-11-26 11:56:32] EDIT sniffer/controllers/default.py: 0
[2016-11-26 11:57:37] EDIT sniffer/controllers/default.py: 0
[2016-11-26 11:57:40] EDIT sniffer/controllers/default.py: 0
[2016-11-26 12:06:43] EDIT sniffer/controllers/default.py: 1
[2016-11-26 12:06:47] EDIT sniffer/controllers/default.py: 0
[2016-11-26 12:07:09] EDIT sniffer/controllers/default.py: 0
[2016-11-26 12:11:12] EDIT sniffer/controllers/default.py: 0
[2016-11-26 12:12:09] EDIT sniffer/controllers/default.py: 0
[2016-11-26 12:13:47] EDIT sniffer/controllers/default.py: 0
[2016-11-26 12:13:54] EDIT sniffer/views/default/snif.html: 0
[2016-11-26 12:15:32] EDIT sniffer/controllers/default.py: -1
[2016-11-26 12:16:35] EDIT sniffer/controllers/default.py: 1
[2016-11-26 12:23:04] EDIT sniffer/controllers/default.py: 1
[2016-11-26 12:24:30] EDIT sniffer/controllers/default.py: 1
[2016-11-26 12:30:45] EDIT sniffer/controllers/default.py: -1
[2016-11-26 12:33:10] EDIT sniffer/controllers/default.py: 0
[2016-11-26 12:36:08] EDIT sniffer/controllers/default.py: 0
[2016-11-26 12:53:04] EDIT sniffer/controllers/default.py: 54
[2016-11-26 12:53:16] EDIT sniffer/controllers/default.py: 0
[2016-11-26 12:56:44] EDIT sniffer/controllers/default.py: 0
[2016-11-26 12:58:40] CREATE default/chart.html.py: 0
[2016-11-26 13:43:51] CREATE default/chart.html: 0
[2016-11-26 13:44:13] EDIT sniffer_pr/views/default/chart.html: 2
[2016-11-26 13:44:41] CREATE js/exporting.js: 0
[2016-11-26 13:44:50] CREATE js/highcharts.js: 0
[2016-11-26 13:45:52] EDIT sniffer_pr/static/js/highcharts.js: 335
[2016-11-26 13:46:16] EDIT sniffer_pr/static/js/exporting.js: 22
[2016-11-26 13:47:00] EDIT sniffer_pr/controllers/default.py: 0
[2016-11-26 13:47:15] EDIT sniffer_pr/controllers/default.py: 0
[2016-11-26 13:48:28] EDIT sniffer_pr/controllers/default.py: 3
[2016-11-26 13:48:48] EDIT sniffer_pr/controllers/default.py: 1
[2016-11-26 13:49:53] EDIT sniffer_pr/controllers/default.py: 3
[2016-11-26 13:50:38] EDIT sniffer_pr/controllers/default.py: 0
[2016-11-26 13:51:37] EDIT sniffer_pr/controllers/default.py: 0
[2016-11-26 13:51:47] EDIT sniffer_pr/controllers/default.py: 0
[2016-11-26 13:51:56] EDIT sniffer_pr/controllers/default.py: 0
[2016-11-26 13:58:03] EDIT sniffer_pr/controllers/default.py: -3
[2016-11-26 13:58:07] EDIT sniffer_pr/controllers/default.py: 0
[2016-11-26 13:58:23] EDIT sniffer_pr/controllers/default.py: 0
[2016-11-26 13:58:32] EDIT sniffer_pr/controllers/default.py: 0
[2016-11-26 13:59:34] EDIT sniffer_pr/controllers/default.py: 0
[2016-11-26 14:01:32] EDIT sniffer_pr/controllers/default.py: 0
[2016-11-26 14:02:15] EDIT sniffer_pr/controllers/default.py: 0
[2016-11-26 14:02:19] EDIT sniffer_pr/controllers/default.py: -1
[2016-11-26 14:03:02] EDIT sniffer_pr/controllers/default.py: 0
[2016-11-26 14:04:01] EDIT sniffer_pr/views/default/chart.html: 2
[2016-11-26 14:04:22] EDIT sniffer_pr/views/default/chart.html: 0
[2016-11-26 14:04:40] CREATE default/table.html: 0
[2016-11-26 14:05:46] EDIT sniffer_pr/controllers/default.py: 20
[2016-11-26 14:06:32] EDIT sniffer_pr/views/default/table.html: 45
[2016-11-26 14:07:01] EDIT sniffer_pr/views/default/table.html: -2
[2016-11-26 14:20:49] EDIT sniffer_pr/controllers/default.py: 0
[2016-11-26 14:23:57] EDIT sniffer_pr/controllers/default.py: 0
[2016-11-26 14:25:14] EDIT sniffer_pr/views/default/table.html: -20
[2016-11-26 14:26:07] EDIT sniffer_pr/views/default/chart.html: 0
[2016-11-26 14:52:20] EDIT sniffer_pr/controllers/default.py: 0
[2016-11-26 14:55:35] EDIT sniffer_pr/controllers/default.py: 0
[2016-11-26 15:08:19] EDIT sniffer_pr/controllers/default.py: 0
[2016-11-26 15:09:24] EDIT sniffer_pr/controllers/default.py: 0
[2016-11-26 15:09:26] EDIT sniffer_pr/controllers/default.py: 0
[2016-11-26 15:09:35] EDIT sniffer_pr/controllers/default.py: 0
[2016-11-26 15:12:30] EDIT sniffer_pr/controllers/default.py: -5
[2016-11-26 15:12:38] EDIT sniffer_pr/controllers/default.py: 0
[2016-11-26 15:51:12] EDIT sniffer_pr/views/default/table.html: 0
[2016-11-26 15:52:07] EDIT sniffer_pr/views/default/table.html: 0
[2016-11-26 15:52:46] EDIT sniffer_pr/views/default/table.html: 1
[2016-11-26 15:53:06] EDIT sniffer_pr/views/default/table.html: 1
[2016-11-26 15:53:42] EDIT sniffer_pr/views/default/table.html: 0
[2016-11-26 15:53:52] EDIT sniffer_pr/views/default/table.html: 0
[2016-11-26 15:54:01] EDIT sniffer_pr/views/default/table.html: 0
[2016-11-26 15:54:08] EDIT sniffer_pr/views/default/table.html: 0
[2016-11-26 15:54:17] EDIT sniffer_pr/views/default/table.html: 0
[2016-11-26 15:55:03] EDIT sniffer_pr/views/default/table.html: 1
[2016-11-26 15:55:29] EDIT sniffer_pr/views/default/table.html: -1
[2016-11-26 15:55:50] EDIT sniffer_pr/views/default/table.html: 0
[2016-11-26 15:56:37] EDIT sniffer_pr/views/default/table.html: 15
[2016-11-26 15:57:05] EDIT sniffer_pr/views/default/table.html: -10
[2016-11-26 16:05:50] EDIT sniffer_pr/views/default/table.html: 0
[2016-11-26 16:06:10] EDIT sniffer_pr/views/default/table.html: 0
[2016-11-26 17:31:43] EDIT sniffer_pr/views/default/snif.html: -1
[2016-11-29 13:53:00] EDIT sniffer_pr/views/default/table.html: -1
[2016-11-29 13:53:02] EDIT sniffer_pr/views/default/table.html: 1
